

Version:	3.50
CmdLine:	D:\School\PUP\BSIT 1-2\2nd Year\2nd Sem\Object Oriented Programming\Programs\OOP\Case Study\src\Test Case Study Finals.exe --l4j-debug
JNI:		No
WOW64:		Yes
Working dir:	D:\School\PUP\BSIT 1-2\2nd Year\2nd Sem\Object Oriented Programming\Programs\OOP\Case Study\src\.
Requires JDK:	No
Requires 64-Bit: No
Java min ver:	1.006.000
Java max ver:	
Substitute:	JAVA_HOME = 
Substitute:	PATH = C:\Program Files\Common Files\Oracle\Java\javapath;C:\Program Files\Eclipse Adoptium\jdk-17.0.5.8-hotspot\bin;C:\WINDOWS\system32;C:\WINDOWS;C:\WINDOWS\System32\Wbem;C:\WINDOWS\System32\WindowsPowerShell\v1.0\;C:\WINDOWS\System32\OpenSSH\;C:\Program Files\dotnet\;C:\WINDOWS\system32;C:\WINDOWS;C:\WINDOWS\System32\Wbem;C:\WINDOWS\System32\WindowsPowerShell\v1.0\;C:\WINDOWS\System32\OpenSSH\;D:\Applications\Git\cmd;C:\Users\Rikkadesu\AppData\Local\Programs\Python\Python311\;C:\Users\Rikkadesu\AppData\Local\Programs\Python\Python311\Scripts\;C:\Users\Rikkadesu\AppData\Local\Microsoft\WindowsApps;C:\Users\Rikkadesu\.dotnet\tools;C:\Users\Rikkadesu\AppData\Local\Programs\Microsoft VS Code\bin;C:\Program Files\Eclipse Adoptium\jdk-17.0.5.8-hotspot\bin
JRE paths:	;C:\Program Files\Common Files\Oracle\Java\javapath;C:\Program Files\Eclipse Adoptium\jdk-17.0.5.8-hotspot\bin;C:\WINDOWS\system32;C:\WINDOWS;C:\WINDOWS\System32\Wbem;C:\WINDOWS\System32\WindowsPowerShell\v1.0\;C:\WINDOWS\System32\OpenSSH\;C:\Program Files\dotnet\;C:\WINDOWS\system32;C:\WINDOWS;C:\WINDOWS\System32\Wbem;C:\WINDOWS\System32\WindowsPowerShell\v1.0\;C:\WINDOWS\System32\OpenSSH\;D:\Applications\Git\cmd;C:\Users\Rikkadesu\AppData\Local\Programs\Python\Python311\;C:\Users\Rikkadesu\AppData\Local\Programs\Python\Python311\Scripts\;C:\Users\Rikkadesu\AppData\Local\Microsoft\WindowsApps;C:\Users\Rikkadesu\.dotnet\tools;C:\Users\Rikkadesu\AppData\Local\Programs\Microsoft VS Code\bin;C:\Program Files\Eclipse Adoptium\jdk-17.0.5.8-hotspot\bin
Check launcher:	C:\Program Files\Common Files\Oracle\Java\javapath\bin\javaw.exe (not found)
Check launcher:	C:\Program Files\Eclipse Adoptium\jdk-17.0.5.8-hotspot\bin\javaw.exe (OK)
Version string: 1.017.000_005 / 64-Bit (OK)
Launcher:	C:\Program Files\Eclipse Adoptium\jdk-17.0.5.8-hotspot\bin\javaw.exe
Launcher args:	-jar "D:\School\PUP\BSIT 1-2\2nd Year\2nd Sem\Object Oriented Programming\Programs\OOP\Case Study\src\Test Case Study Finals.exe"
Args length:	129/32768 chars
Exit code:	0


Version:	3.50
CmdLine:	D:\School\PUP\BSIT 1-2\2nd Year\2nd Sem\Object Oriented Programming\Programs\OOP\Case Study\src\Test Case Study Finals.exe --l4j-debug
JNI:		No
WOW64:		Yes
Working dir:	D:\School\PUP\BSIT 1-2\2nd Year\2nd Sem\Object Oriented Programming\Programs\OOP\Case Study\src\.
Requires JDK:	No
Requires 64-Bit: No
Java min ver:	1.006.000
Java max ver:	1.020.000_001
Substitute:	JAVA_HOME = 
Substitute:	PATH = C:\Program Files\Common Files\Oracle\Java\javapath;C:\Program Files\Eclipse Adoptium\jdk-17.0.5.8-hotspot\bin;C:\WINDOWS\system32;C:\WINDOWS;C:\WINDOWS\System32\Wbem;C:\WINDOWS\System32\WindowsPowerShell\v1.0\;C:\WINDOWS\System32\OpenSSH\;C:\Program Files\dotnet\;C:\WINDOWS\system32;C:\WINDOWS;C:\WINDOWS\System32\Wbem;C:\WINDOWS\System32\WindowsPowerShell\v1.0\;C:\WINDOWS\System32\OpenSSH\;D:\Applications\Git\cmd;C:\Users\Rikkadesu\AppData\Local\Programs\Python\Python311\;C:\Users\Rikkadesu\AppData\Local\Programs\Python\Python311\Scripts\;C:\Users\Rikkadesu\AppData\Local\Microsoft\WindowsApps;C:\Users\Rikkadesu\.dotnet\tools;C:\Users\Rikkadesu\AppData\Local\Programs\Microsoft VS Code\bin;C:\Program Files\Eclipse Adoptium\jdk-17.0.5.8-hotspot\bin
JRE paths:	;C:\Program Files\Common Files\Oracle\Java\javapath;C:\Program Files\Eclipse Adoptium\jdk-17.0.5.8-hotspot\bin;C:\WINDOWS\system32;C:\WINDOWS;C:\WINDOWS\System32\Wbem;C:\WINDOWS\System32\WindowsPowerShell\v1.0\;C:\WINDOWS\System32\OpenSSH\;C:\Program Files\dotnet\;C:\WINDOWS\system32;C:\WINDOWS;C:\WINDOWS\System32\Wbem;C:\WINDOWS\System32\WindowsPowerShell\v1.0\;C:\WINDOWS\System32\OpenSSH\;D:\Applications\Git\cmd;C:\Users\Rikkadesu\AppData\Local\Programs\Python\Python311\;C:\Users\Rikkadesu\AppData\Local\Programs\Python\Python311\Scripts\;C:\Users\Rikkadesu\AppData\Local\Microsoft\WindowsApps;C:\Users\Rikkadesu\.dotnet\tools;C:\Users\Rikkadesu\AppData\Local\Programs\Microsoft VS Code\bin;C:\Program Files\Eclipse Adoptium\jdk-17.0.5.8-hotspot\bin
Check launcher:	C:\Program Files\Common Files\Oracle\Java\javapath\bin\javaw.exe (not found)
Check launcher:	C:\Program Files\Eclipse Adoptium\jdk-17.0.5.8-hotspot\bin\javaw.exe (OK)
Version string: 1.017.000_005 / 64-Bit (OK)
Launcher:	C:\Program Files\Eclipse Adoptium\jdk-17.0.5.8-hotspot\bin\javaw.exe
Launcher args:	-jar "D:\School\PUP\BSIT 1-2\2nd Year\2nd Sem\Object Oriented Programming\Programs\OOP\Case Study\src\Test Case Study Finals.exe"
Args length:	129/32768 chars
Exit code:	0


Version:	3.50
CmdLine:	D:\School\PUP\BSIT 1-2\2nd Year\2nd Sem\Object Oriented Programming\Programs\OOP\Case Study\src\Test Case Study Finals.exe --l4j-debug
JNI:		No
WOW64:		Yes
Working dir:	D:\School\PUP\BSIT 1-2\2nd Year\2nd Sem\Object Oriented Programming\Programs\OOP\Case Study\src\.
Requires JDK:	No
Requires 64-Bit: No
Java min ver:	1.020.000_001
Java max ver:	
Substitute:	JAVA_HOME = 
Substitute:	PATH = C:\Program Files\Common Files\Oracle\Java\javapath;C:\Program Files\Eclipse Adoptium\jdk-17.0.5.8-hotspot\bin;C:\WINDOWS\system32;C:\WINDOWS;C:\WINDOWS\System32\Wbem;C:\WINDOWS\System32\WindowsPowerShell\v1.0\;C:\WINDOWS\System32\OpenSSH\;C:\Program Files\dotnet\;C:\WINDOWS\system32;C:\WINDOWS;C:\WINDOWS\System32\Wbem;C:\WINDOWS\System32\WindowsPowerShell\v1.0\;C:\WINDOWS\System32\OpenSSH\;D:\Applications\Git\cmd;C:\Users\Rikkadesu\AppData\Local\Programs\Python\Python311\;C:\Users\Rikkadesu\AppData\Local\Programs\Python\Python311\Scripts\;C:\Users\Rikkadesu\AppData\Local\Microsoft\WindowsApps;C:\Users\Rikkadesu\.dotnet\tools;C:\Users\Rikkadesu\AppData\Local\Programs\Microsoft VS Code\bin;C:\Program Files\Eclipse Adoptium\jdk-17.0.5.8-hotspot\bin
JRE paths:	;C:\Program Files\Common Files\Oracle\Java\javapath;C:\Program Files\Eclipse Adoptium\jdk-17.0.5.8-hotspot\bin;C:\WINDOWS\system32;C:\WINDOWS;C:\WINDOWS\System32\Wbem;C:\WINDOWS\System32\WindowsPowerShell\v1.0\;C:\WINDOWS\System32\OpenSSH\;C:\Program Files\dotnet\;C:\WINDOWS\system32;C:\WINDOWS;C:\WINDOWS\System32\Wbem;C:\WINDOWS\System32\WindowsPowerShell\v1.0\;C:\WINDOWS\System32\OpenSSH\;D:\Applications\Git\cmd;C:\Users\Rikkadesu\AppData\Local\Programs\Python\Python311\;C:\Users\Rikkadesu\AppData\Local\Programs\Python\Python311\Scripts\;C:\Users\Rikkadesu\AppData\Local\Microsoft\WindowsApps;C:\Users\Rikkadesu\.dotnet\tools;C:\Users\Rikkadesu\AppData\Local\Programs\Microsoft VS Code\bin;C:\Program Files\Eclipse Adoptium\jdk-17.0.5.8-hotspot\bin
Check launcher:	C:\Program Files\Common Files\Oracle\Java\javapath\bin\javaw.exe (not found)
Check launcher:	C:\Program Files\Eclipse Adoptium\jdk-17.0.5.8-hotspot\bin\javaw.exe (OK)
Version string: 1.017.000_005 / 64-Bit (Ignore)
Check launcher:	C:\WINDOWS\system32\bin\javaw.exe (not found)
Check launcher:	C:\WINDOWS\bin\javaw.exe (not found)
Check launcher:	C:\WINDOWS\System32\Wbem\bin\javaw.exe (not found)
Check launcher:	C:\WINDOWS\System32\WindowsPowerShell\v1.0\bin\javaw.exe (not found)
Check launcher:	C:\WINDOWS\System32\OpenSSH\bin\javaw.exe (not found)
Check launcher:	C:\Program Files\dotnet\bin\javaw.exe (not found)
Check launcher:	C:\WINDOWS\system32\bin\javaw.exe (not found)
Check launcher:	C:\WINDOWS\bin\javaw.exe (not found)
Check launcher:	C:\WINDOWS\System32\Wbem\bin\javaw.exe (not found)
Check launcher:	C:\WINDOWS\System32\WindowsPowerShell\v1.0\bin\javaw.exe (not found)
Check launcher:	C:\WINDOWS\System32\OpenSSH\bin\javaw.exe (not found)
Check launcher:	D:\Applications\Git\cmd\bin\javaw.exe (not found)
Check launcher:	C:\Users\Rikkadesu\AppData\Local\Programs\Python\Python311\bin\javaw.exe (not found)
Check launcher:	C:\Users\Rikkadesu\AppData\Local\Programs\Python\Python311\Scripts\bin\javaw.exe (not found)
Check launcher:	C:\Users\Rikkadesu\AppData\Local\Microsoft\WindowsApps\bin\javaw.exe (not found)
Check launcher:	C:\Users\Rikkadesu\.dotnet\tools\bin\javaw.exe (not found)
Check launcher:	C:\Users\Rikkadesu\AppData\Local\Programs\Microsoft VS Code\bin\javaw.exe (not found)
Check launcher:	C:\Program Files\Eclipse Adoptium\jdk-17.0.5.8-hotspot\bin\javaw.exe (OK)
Version string: 1.017.000_005 / 64-Bit (Ignore)
64-bit search:	SOFTWARE\JavaSoft\Java Runtime Environment...
32-bit search:	SOFTWARE\JavaSoft\Java Runtime Environment...
64-bit search:	SOFTWARE\JavaSoft\Java Development Kit...
32-bit search:	SOFTWARE\JavaSoft\Java Development Kit...
64-bit search:	SOFTWARE\JavaSoft\JRE...
32-bit search:	SOFTWARE\JavaSoft\JRE...
64-bit search:	SOFTWARE\JavaSoft\JDK...
Check:		SOFTWARE\JavaSoft\JDK\20.0.1
Version string: 1.020.000_001 / 64-Bit (OK)
Check launcher:	C:\Program Files\Java\jdk-20\bin\javaw.exe (OK)
Match:		1.020.000_001
Runtime used:	1.020.000_001 (64-bit)
Launcher:	C:\Program Files\Java\jdk-20\bin\javaw.exe
Launcher args:	-jar "D:\School\PUP\BSIT 1-2\2nd Year\2nd Sem\Object Oriented Programming\Programs\OOP\Case Study\src\Test Case Study Finals.exe"
Args length:	129/32768 chars
Exit code:	0
